<?xml version="1.0" encoding="utf-8"?><testsuites name="pytest tests"><testsuite name="pytest" errors="0" failures="0" skipped="0" tests="16" time="6.861" timestamp="2026-07-05T11:10:30.860520+00:00" hostname="agent-env-c46762b8-17d2-499e-867b-9e6953a49d52"><testcase classname="tests.backend_test.TestAuth" name="test_login_invalid" time="0.602" /><testcase classname="tests.backend_test.TestStudents" name="test_student_invalid_class" time="0.605" /><testcase classname="tests.backend_test.TestAuth" name="test_login_valid" time="0.325" /><testcase classname="tests.backend_test.TestAuth" name="test_me" time="0.140" /><testcase classname="tests.backend_test.TestAuth" name="test_me_unauth" time="0.087" /><testcase classname="tests.backend_test.TestStudents" name="test_student_get_update" time="0.743" /><testcase classname="tests.backend_test.TestPermissions" name="test_default_permissions" time="0.107" /><testcase classname="tests.backend_test.TestStudents" name="test_students_filter_by_class" time="0.146" /><testcase classname="tests.backend_test.TestFeeStructure" name="test_invalid_frequency" time="0.129" /><testcase classname="tests.backend_test.TestPermissions" name="test_create_users_and_role_enforcement" time="2.907" /><testcase classname="tests.backend_test.TestFeeStructure" name="test_priority_default" time="0.264" /><testcase classname="tests.backend_test.TestFeeStructure" name="test_priority_class_then_student" time="0.818" /><testcase classname="tests.backend_test.TestSettings" name="test_get_update_settings" time="0.424" /><testcase classname="tests.backend_test.TestStats" name="test_stats_shape" time="0.398" /><testcase classname="tests.backend_test.TestClasses" name="test_class_crud_and_delete_blocked" time="0.680" /><testcase classname="tests.backend_test.TestBillingFlow" name="test_full_flow" time="1.504" /></testsuite></testsuites>